22:42:11.376 [main] INFO  inventorymanagement.ValidateInitial - Login Successful
22:42:13.386 [main] INFO  inventorymanagement.ValidateInitial - Navigated to InventoryListPage
22:42:37.456 [main] INFO  inventorymanagement.ValidateInitial - successfully selected product
22:42:38.766 [main] DEBUG inventorymanagement.ValidateInitial - Clicked Edit
22:43:06.830 [main] INFO  inventorymanagement.ValidateInitial - Initializing Driver
22:43:12.587 [main] INFO  inventorymanagement.ValidateInitial - Navigated to LoginPage
22:43:28.811 [main] INFO  inventorymanagement.ValidateInitial - Login Successful
22:43:30.599 [main] INFO  inventorymanagement.ValidateInitial - Navigated to InventoryListPage
22:44:10.018 [main] INFO  inventorymanagement.ValidateInitial - Initializing Driver
22:44:15.740 [main] INFO  inventorymanagement.ValidateInitial - Navigated to LoginPage
22:44:30.665 [main] INFO  inventorymanagement.ValidateInitial - Login Successful
22:44:32.566 [main] INFO  inventorymanagement.ValidateInitial - Navigated to InventoryListPage
22:44:56.213 [main] INFO  inventorymanagement.ValidateInitial - successfully selected product
22:44:57.487 [main] DEBUG inventorymanagement.ValidateInitial - Clicked Edit
22:51:50.057 [main] INFO  inventorymanagement.ValidateInitial - Initializing Driver
22:51:55.812 [main] INFO  inventorymanagement.ValidateInitial - Navigated to LoginPage
22:52:10.899 [main] INFO  inventorymanagement.ValidateInitial - Login Successful
22:52:12.868 [main] INFO  inventorymanagement.ValidateInitial - Navigated to InventoryListPage
22:52:37.609 [main] INFO  inventorymanagement.ValidateInitial - successfully selected product
22:52:38.883 [main] DEBUG inventorymanagement.ValidateInitial - Clicked Edit
22:55:22.122 [main] INFO  inventorymanagement.ValidateInitial - Initializing Driver
22:55:28.379 [main] INFO  inventorymanagement.ValidateInitial - Navigated to LoginPage
22:55:44.498 [main] INFO  inventorymanagement.ValidateInitial - Login Successful
22:55:48.440 [main] INFO  inventorymanagement.ValidateInitial - Navigated to InventoryListPage
